app/build/intermediates/manifest_merge_blame_file/debug/processDebugMainManifest/manifest-merger-blame-debug-report.txt
1<?xml version="1.0" encoding="utf-8"?>
2<manifest xmlns:android="http://schemas.android.com/apk/res/android"
3    package="com.glasscast.sender"
4    android:versionCode="1"
5    android:versionName="1.0" >
6
7    <uses-sdk
8        android:minSdkVersion="23"
9        android:targetSdkVersion="36" />
10
11    <uses-permission android:name="android.permission.INTERNET" />
11-->src\main\AndroidManifest.xml:4:5-67
11-->src\main\AndroidManifest.xml:4:22-64
12    <uses-permission android:name="android.permission.ACCESS_WIFI_STATE" />
12-->src\main\AndroidManifest.xml:5:5-76
12-->src\main\AndroidManifest.xml:5:22-73
13    <uses-permission android:name="android.permission.CHANGE_WIFI_STATE" />
13-->src\main\AndroidManifest.xml:6:5-76
13-->src\main\AndroidManifest.xml:6:22-73
14    <uses-permission android:name="android.permission.FOREGROUND_SERVICE" />
14-->src\main\AndroidManifest.xml:7:5-77
14-->src\main\AndroidManifest.xml:7:22-74
15    <uses-permission android:name="android.permission.FOREGROUND_SERVICE_DATA_SYNC" />
15-->src\main\AndroidManifest.xml:8:5-87
15-->src\main\AndroidManifest.xml:8:22-84
16    <uses-permission android:name="android.permission.WAKE_LOCK" />
16-->src\main\AndroidManifest.xml:9:5-68
16-->src\main\AndroidManifest.xml:9:22-65
17
18    <queries>
18-->src\main\AndroidManifest.xml:11:5-13:15
19        <package android:name="com.facebook.stella" />
19-->src\main\AndroidManifest.xml:12:9-55
19-->src\main\AndroidManifest.xml:12:18-52
20    </queries>
21
22    <!-- Android launcher icon source of truth: app/src/main/assets/brand/glasscast-icon-dark.png -->
23    <application
23-->src\main\AndroidManifest.xml:16:5-50:19
24        android:allowBackup="true"
24-->src\main\AndroidManifest.xml:17:9-35
25        android:debuggable="true"
26        android:extractNativeLibs="false"
27        android:icon="@mipmap/ic_launcher"
27-->src\main\AndroidManifest.xml:18:9-43
28        android:label="GlassCast"
28-->src\main\AndroidManifest.xml:20:9-34
29        android:roundIcon="@mipmap/ic_launcher_round"
29-->src\main\AndroidManifest.xml:19:9-54
30        android:supportsRtl="true"
30-->src\main\AndroidManifest.xml:21:9-35
31        android:testOnly="true"
32        android:theme="@style/Theme.GlassCast" >
32-->src\main\AndroidManifest.xml:22:9-47
33        <activity
33-->src\main\AndroidManifest.xml:23:9-44:20
34            android:name="com.glasscast.sender.MainActivity"
34-->src\main\AndroidManifest.xml:24:13-41
35            android:exported="true" >
35-->src\main\AndroidManifest.xml:25:13-36
36            <intent-filter>
36-->src\main\AndroidManifest.xml:26:13-29:29
37                <action android:name="android.intent.action.MAIN" />
37-->src\main\AndroidManifest.xml:27:17-69
37-->src\main\AndroidManifest.xml:27:25-66
38
39                <category android:name="android.intent.category.LAUNCHER" />
39-->src\main\AndroidManifest.xml:28:17-77
39-->src\main\AndroidManifest.xml:28:27-74
40            </intent-filter>
41            <intent-filter>
41-->src\main\AndroidManifest.xml:31:13-35:29
42                <action android:name="android.intent.action.SEND" />
42-->src\main\AndroidManifest.xml:32:17-69
42-->src\main\AndroidManifest.xml:32:25-66
43
44                <category android:name="android.intent.category.DEFAULT" />
44-->src\main\AndroidManifest.xml:33:17-76
44-->src\main\AndroidManifest.xml:33:27-73
45
46                <data android:mimeType="text/plain" />
46-->src\main\AndroidManifest.xml:34:17-55
46-->src\main\AndroidManifest.xml:34:23-52
47            </intent-filter>
48            <intent-filter>
48-->src\main\AndroidManifest.xml:37:13-43:29
49                <action android:name="android.intent.action.VIEW" />
49-->src\main\AndroidManifest.xml:38:17-69
49-->src\main\AndroidManifest.xml:38:25-66
50
51                <category android:name="android.intent.category.DEFAULT" />
51-->src\main\AndroidManifest.xml:33:17-76
51-->src\main\AndroidManifest.xml:33:27-73
52                <category android:name="android.intent.category.BROWSABLE" />
52-->src\main\AndroidManifest.xml:40:17-78
52-->src\main\AndroidManifest.xml:40:27-75
53
54                <data android:scheme="http" />
54-->src\main\AndroidManifest.xml:34:17-55
54-->src\main\AndroidManifest.xml:41:23-44
55                <data android:scheme="https" />
55-->src\main\AndroidManifest.xml:34:17-55
55-->src\main\AndroidManifest.xml:41:23-44
56            </intent-filter>
57        </activity>
58
59        <service
59-->src\main\AndroidManifest.xml:46:9-49:56
60            android:name="com.glasscast.sender.LocalVideoKeepAliveService"
60-->src\main\AndroidManifest.xml:47:13-55
61            android:exported="false"
61-->src\main\AndroidManifest.xml:48:13-37
62            android:foregroundServiceType="dataSync" />
62-->src\main\AndroidManifest.xml:49:13-53
63    </application>
64
65</manifest>